2558-03-04 19:19:33,339 - [INFO] - from play in pool-4-thread-7 
Listening for HTTP on /0:0:0:0:0:0:0:0:9000

2558-03-04 19:20:51,839 - [INFO] - from play in play-internal-execution-context-1 
database [default] connected at jdbc:mysql://localhost/exceed

2558-03-04 19:20:52,315 - [INFO] - from play in play-internal-execution-context-1 
Application started (Dev)

2558-03-04 19:22:22,827 - [INFO] - from play in play-internal-execution-context-1 
database [default] connected at jdbc:mysql://localhost/exceed

2558-03-04 19:22:22,888 - [INFO] - from play in play-internal-execution-context-1 
Application started (Dev)

2558-03-04 19:22:41,033 - [INFO] - from play in play-internal-execution-context-3 
database [default] connected at jdbc:mysql://localhost/exceed

2558-03-04 19:22:41,102 - [INFO] - from play in play-internal-execution-context-3 
Application started (Dev)

2558-03-04 19:24:10,790 - [INFO] - from play in play-internal-execution-context-3 
database [default] connected at jdbc:mysql://localhost/exceed

2558-03-04 19:24:10,848 - [INFO] - from play in play-internal-execution-context-3 
Application started (Dev)

2558-03-04 19:24:24,468 - [INFO] - from play in play-internal-execution-context-6 
database [default] connected at jdbc:mysql://localhost/exceed

2558-03-04 19:24:24,544 - [INFO] - from play in play-internal-execution-context-6 
Application started (Dev)

2558-03-04 19:24:54,034 - [INFO] - from play in play-internal-execution-context-3 
database [default] connected at jdbc:mysql://localhost/exceed

2558-03-04 19:24:54,098 - [INFO] - from play in play-internal-execution-context-3 
Application started (Dev)

2558-03-04 19:42:05,734 - [INFO] - from play in play-internal-execution-context-7 
database [default] connected at jdbc:mysql://localhost/exceed

2558-03-04 19:42:05,791 - [INFO] - from play in play-internal-execution-context-7 
Application started (Dev)

2558-03-04 20:38:07,659 - [INFO] - from play in play-internal-execution-context-7 
database [default] connected at jdbc:mysql://localhost/exceed

2558-03-04 20:38:07,722 - [INFO] - from play in play-internal-execution-context-7 
Application started (Dev)

2558-03-04 20:38:24,554 - [INFO] - from play in play-internal-execution-context-7 
database [default] connected at jdbc:mysql://localhost/exceed

2558-03-04 20:38:24,609 - [INFO] - from play in play-internal-execution-context-7 
Application started (Dev)

2558-03-04 20:38:51,032 - [INFO] - from play in play-internal-execution-context-7 
database [default] connected at jdbc:mysql://localhost/exceed

2558-03-04 20:38:51,088 - [INFO] - from play in play-internal-execution-context-7 
Application started (Dev)

2558-03-04 20:39:57,819 - [INFO] - from play in play-internal-execution-context-7 
database [default] connected at jdbc:mysql://localhost/exceed

2558-03-04 20:39:57,864 - [INFO] - from play in play-internal-execution-context-7 
Application started (Dev)

2558-03-04 20:40:49,835 - [INFO] - from play in play-internal-execution-context-7 
database [default] connected at jdbc:mysql://localhost/exceed

2558-03-04 20:40:49,899 - [INFO] - from play in play-internal-execution-context-7 
Application started (Dev)

2558-03-04 20:41:26,280 - [INFO] - from play in play-internal-execution-context-7 
database [default] connected at jdbc:mysql://localhost/exceed

2558-03-04 20:41:26,329 - [INFO] - from play in play-internal-execution-context-7 
Application started (Dev)

2558-03-04 20:41:37,601 - [INFO] - from play in play-internal-execution-context-7 
database [default] connected at jdbc:mysql://localhost/exceed

2558-03-04 20:41:37,647 - [INFO] - from play in play-internal-execution-context-7 
Application started (Dev)

2558-03-04 20:41:47,608 - [INFO] - from play in play-internal-execution-context-7 
database [default] connected at jdbc:mysql://localhost/exceed

2558-03-04 20:41:47,656 - [INFO] - from play in play-internal-execution-context-7 
Application started (Dev)

2558-03-04 20:42:38,008 - [INFO] - from play in play-internal-execution-context-9 
database [default] connected at jdbc:mysql://localhost/exceed

2558-03-04 20:42:38,058 - [INFO] - from play in play-internal-execution-context-9 
Application started (Dev)

2558-03-04 20:43:01,719 - [INFO] - from play in play-internal-execution-context-9 
database [default] connected at jdbc:mysql://localhost/exceed

2558-03-04 20:43:01,762 - [INFO] - from play in play-internal-execution-context-9 
Application started (Dev)

2558-03-04 20:43:21,739 - [INFO] - from play in play-internal-execution-context-9 
database [default] connected at jdbc:mysql://localhost/exceed

2558-03-04 20:43:21,788 - [INFO] - from play in play-internal-execution-context-9 
Application started (Dev)

